# JRE version: OpenJDK Runtime Environment (8.0_202-b03) (build 1.8.0_202-release-1483-b03)
# Java VM: OpenJDK 64-Bit Server VM (25.202-b03 mixed mode windows-amd64 compressed oops)
Heap:
 PSYoungGen      total 253440K, used 109008K [0x00000000e0000000, 0x00000000f2d00000, 0x0000000100000000)
  eden space 239616K, 42% used [0x00000000e0000000,0x00000000e62f2128,0x00000000eea00000)
  from space 13824K, 55% used [0x00000000eea00000,0x00000000ef1821b8,0x00000000ef780000)
  to   space 21504K, 0% used [0x00000000f1800000,0x00000000f1800000,0x00000000f2d00000)
 ParOldGen       total 105472K, used 80448K [0x00000000a0000000, 0x00000000a6700000, 0x00000000e0000000)
  object space 105472K, 76% used [0x00000000a0000000,0x00000000a4e90208,0x00000000a6700000)
 Metaspace       used 107716K, capacity 112048K, committed 112384K, reserved 1146880K
  class space    used 13319K, capacity 14151K, committed 14336K, reserved 1048576K
GC Heap History (10 events):
Event: 7123.771 GC heap before
{Heap before GC invocations=136 (full 6):
 PSYoungGen      total 253440K, used 249395K [0x00000000e0000000, 0x00000000f0500000, 0x0000000100000000)
  eden space 239616K, 100% used [0x00000000e0000000,0x00000000eea00000,0x00000000eea00000)
  from space 13824K, 70% used [0x00000000eea00000,0x00000000ef38cf60,0x00000000ef780000)
  to   space 13312K, 0% used [0x00000000ef800000,0x00000000ef800000,0x00000000f0500000)
 ParOldGen       total 100864K, used 71763K [0x00000000a0000000, 0x00000000a6280000, 0x00000000e0000000)
  object space 100864K, 71% used [0x00000000a0000000,0x00000000a4614cf8,0x00000000a6280000)
 Metaspace       used 104969K, capacity 108854K, committed 109312K, reserved 1144832K
  class space    used 12929K, capacity 13668K, committed 13824K, reserved 1048576K
Event: 7123.786 GC heap after
Heap after GC invocations=136 (full 6):
 PSYoungGen      total 252928K, used 3510K [0x00000000e0000000, 0x00000000f0500000, 0x0000000100000000)
  eden space 239616K, 0% used [0x00000000e0000000,0x00000000e0000000,0x00000000eea00000)
  from space 13312K, 26% used [0x00000000ef800000,0x00000000efb6d8f0,0x00000000f0500000)
  to   space 13824K, 0% used [0x00000000eea00000,0x00000000eea00000,0x00000000ef780000)
 ParOldGen       total 100864K, used 79527K [0x00000000a0000000, 0x00000000a6280000, 0x00000000e0000000)
  object space 100864K, 78% used [0x00000000a0000000,0x00000000a4da9c68,0x00000000a6280000)
 Metaspace       used 104969K, capacity 108854K, committed 109312K, reserved 1144832K
  class space    used 12929K, capacity 13668K, committed 13824K, reserved 1048576K
}
Event: 7125.877 GC heap before
{Heap before GC invocations=137 (full 6):
 PSYoungGen      total 252928K, used 243126K [0x00000000e0000000, 0x00000000f0500000, 0x0000000100000000)
  eden space 239616K, 100% used [0x00000000e0000000,0x00000000eea00000,0x00000000eea00000)
  from space 13312K, 26% used [0x00000000ef800000,0x00000000efb6d8f0,0x00000000f0500000)
  to   space 13824K, 0% used [0x00000000eea00000,0x00000000eea00000,0x00000000ef780000)
 ParOldGen       total 100864K, used 79527K [0x00000000a0000000, 0x00000000a6280000, 0x00000000e0000000)
  object space 100864K, 78% used [0x00000000a0000000,0x00000000a4da9c68,0x00000000a6280000)
 Metaspace       used 105152K, capacity 109020K, committed 109696K, reserved 1144832K
  class space    used 12945K, capacity 13701K, committed 13952K, reserved 1048576K
Event: 7125.901 GC heap after
Heap after GC invocations=137 (full 6):
 PSYoungGen      total 253440K, used 4988K [0x00000000e0000000, 0x00000000f0500000, 0x0000000100000000)
  eden space 239616K, 0% used [0x00000000e0000000,0x00000000e0000000,0x00000000eea00000)
  from space 13824K, 36% used [0x00000000eea00000,0x00000000eeedf0b0,0x00000000ef780000)
  to   space 13312K, 0% used [0x00000000ef800000,0x00000000ef800000,0x00000000f0500000)
 ParOldGen       total 100864K, used 80831K [0x00000000a0000000, 0x00000000a6280000, 0x00000000e0000000)
  object space 100864K, 80% used [0x00000000a0000000,0x00000000a4eefd10,0x00000000a6280000)
 Metaspace       used 105152K, capacity 109020K, committed 109696K, reserved 1144832K
  class space    used 12945K, capacity 13701K, committed 13952K, reserved 1048576K
}
Event: 7129.319 GC heap before
{Heap before GC invocations=138 (full 6):
 PSYoungGen      total 253440K, used 244604K [0x00000000e0000000, 0x00000000f0500000, 0x0000000100000000)
  eden space 239616K, 100% used [0x00000000e0000000,0x00000000eea00000,0x00000000eea00000)
  from space 13824K, 36% used [0x00000000eea00000,0x00000000eeedf0b0,0x00000000ef780000)
  to   space 13312K, 0% used [0x00000000ef800000,0x00000000ef800000,0x00000000f0500000)
 ParOldGen       total 100864K, used 80831K [0x00000000a0000000, 0x00000000a6280000, 0x00000000e0000000)
  object space 100864K, 80% used [0x00000000a0000000,0x00000000a4eefd10,0x00000000a6280000)
 Metaspace       used 105711K, capacity 109682K, committed 110208K, reserved 1144832K
  class space    used 12999K, capacity 13754K, committed 13952K, reserved 1048576K
Event: 7129.407 GC heap after
Heap after GC invocations=138 (full 6):
 PSYoungGen      total 252928K, used 13283K [0x00000000e0000000, 0x00000000f0500000, 0x0000000100000000)
  eden space 239616K, 0% used [0x00000000e0000000,0x00000000e0000000,0x00000000eea00000)
  from space 13312K, 99% used [0x00000000ef800000,0x00000000f04f8e58,0x00000000f0500000)
  to   space 13824K, 0% used [0x00000000eea00000,0x00000000eea00000,0x00000000ef780000)
 ParOldGen       total 105472K, used 105399K [0x00000000a0000000, 0x00000000a6700000, 0x00000000e0000000)
  object space 105472K, 99% used [0x00000000a0000000,0x00000000a66eddc8,0x00000000a6700000)
 Metaspace       used 105711K, capacity 109682K, committed 110208K, reserved 1144832K
  class space    used 12999K, capacity 13754K, committed 13952K, reserved 1048576K
}
Event: 7129.407 GC heap before
{Heap before GC invocations=139 (full 7):
 PSYoungGen      total 252928K, used 13283K [0x00000000e0000000, 0x00000000f0500000, 0x0000000100000000)
  eden space 239616K, 0% used [0x00000000e0000000,0x00000000e0000000,0x00000000eea00000)
  from space 13312K, 99% used [0x00000000ef800000,0x00000000f04f8e58,0x00000000f0500000)
  to   space 13824K, 0% used [0x00000000eea00000,0x00000000eea00000,0x00000000ef780000)
 ParOldGen       total 105472K, used 105399K [0x00000000a0000000, 0x00000000a6700000, 0x00000000e0000000)
  object space 105472K, 99% used [0x00000000a0000000,0x00000000a66eddc8,0x00000000a6700000)
 Metaspace       used 105711K, capacity 109682K, committed 110208K, reserved 1144832K
  class space    used 12999K, capacity 13754K, committed 13952K, reserved 1048576K
Event: 7129.900 GC heap after
Heap after GC invocations=139 (full 7):
 PSYoungGen      total 252928K, used 0K [0x00000000e0000000, 0x00000000f0500000, 0x0000000100000000)
  eden space 239616K, 0% used [0x00000000e0000000,0x00000000e0000000,0x00000000eea00000)
  from space 13312K, 0% used [0x00000000ef800000,0x00000000ef800000,0x00000000f0500000)
  to   space 13824K, 0% used [0x00000000eea00000,0x00000000eea00000,0x00000000ef780000)
 ParOldGen       total 105472K, used 80440K [0x00000000a0000000, 0x00000000a6700000, 0x00000000e0000000)
  object space 105472K, 76% used [0x00000000a0000000,0x00000000a4e8e208,0x00000000a6700000)
 Metaspace       used 105707K, capacity 109674K, committed 110208K, reserved 1144832K
  class space    used 12998K, capacity 13752K, committed 13952K, reserved 1048576K
}
Event: 7385.350 GC heap before
{Heap before GC invocations=140 (full 7):
 PSYoungGen      total 252928K, used 239616K [0x00000000e0000000, 0x00000000f0500000, 0x0000000100000000)
  eden space 239616K, 100% used [0x00000000e0000000,0x00000000eea00000,0x00000000eea00000)
  from space 13312K, 0% used [0x00000000ef800000,0x00000000ef800000,0x00000000f0500000)
  to   space 13824K, 0% used [0x00000000eea00000,0x00000000eea00000,0x00000000ef780000)
 ParOldGen       total 105472K, used 80440K [0x00000000a0000000, 0x00000000a6700000, 0x00000000e0000000)
  object space 105472K, 76% used [0x00000000a0000000,0x00000000a4e8e208,0x00000000a6700000)
 Metaspace       used 107396K, capacity 111702K, committed 112000K, reserved 1146880K
  class space    used 13275K, capacity 14070K, committed 14208K, reserved 1048576K
Event: 7385.518 GC heap after
Heap after GC invocations=140 (full 7):
 PSYoungGen      total 253440K, used 7688K [0x00000000e0000000, 0x00000000f2d00000, 0x0000000100000000)
  eden space 239616K, 0% used [0x00000000e0000000,0x00000000e0000000,0x00000000eea00000)
  from space 13824K, 55% used [0x00000000eea00000,0x00000000ef1821b8,0x00000000ef780000)
  to   space 21504K, 0% used [0x00000000f1800000,0x00000000f1800000,0x00000000f2d00000)
 ParOldGen       total 105472K, used 80448K [0x00000000a0000000, 0x00000000a6700000, 0x00000000e0000000)
  object space 105472K, 76% used [0x00000000a0000000,0x00000000a4e90208,0x00000000a6700000)
 Metaspace       used 107396K, capacity 111702K, committed 112000K, reserved 1146880K
  class space    used 13275K, capacity 14070K, committed 14208K, reserved 1048576K
}

